0 info it worked if it ends with ok
1 verbose cli [ 'node', '/usr/local/bin/npm', 'install', 'http-server', '-g' ]
2 info using npm@1.4.28
3 info using node@v0.10.34
4 verbose cache add [ 'http-server', null ]
5 verbose cache add name=undefined spec="http-server" args=["http-server",null]
6 verbose parsed url { protocol: null,
6 verbose parsed url   slashes: null,
6 verbose parsed url   auth: null,
6 verbose parsed url   host: null,
6 verbose parsed url   port: null,
6 verbose parsed url   hostname: null,
6 verbose parsed url   hash: null,
6 verbose parsed url   search: null,
6 verbose parsed url   query: null,
6 verbose parsed url   pathname: 'http-server',
6 verbose parsed url   path: 'http-server',
6 verbose parsed url   href: 'http-server' }
7 silly lockFile ed608307-http-server http-server
8 verbose lock http-server /Users/thorney29/.npm/ed608307-http-server.lock
9 silly lockFile ed608307-http-server http-server
10 silly lockFile ed608307-http-server http-server
11 verbose addNamed [ 'http-server', '' ]
12 verbose addNamed [ null, '*' ]
13 silly lockFile 550353c6-http-server http-server@
14 verbose lock http-server@ /Users/thorney29/.npm/550353c6-http-server.lock
15 silly addNameRange { name: 'http-server', range: '*', hasData: false }
16 verbose request where is /http-server
17 verbose request registry https://registry.npmjs.org/
18 verbose request id 8fa8eae87e4f4016
19 verbose url raw /http-server
20 verbose url resolving [ 'https://registry.npmjs.org/', './http-server' ]
21 verbose url resolved https://registry.npmjs.org/http-server
22 verbose request where is https://registry.npmjs.org/http-server
23 info trying registry request attempt 1 at 19:52:03
24 verbose etag "F3M1I0OTYNFEOLNESO2Y0KCM8"
25 http GET https://registry.npmjs.org/http-server
26 http 200 https://registry.npmjs.org/http-server
27 silly registry.get cb [ 200,
27 silly registry.get   { server: 'CouchDB/1.5.0 (Erlang OTP/R16B03)',
27 silly registry.get     etag: '"207MGWXCU4F6PAW5EW0TYUG03"',
27 silly registry.get     'content-type': 'application/json',
27 silly registry.get     'cache-control': 'max-age=60',
27 silly registry.get     'content-length': '45099',
27 silly registry.get     'accept-ranges': 'bytes',
27 silly registry.get     date: 'Thu, 30 Jul 2015 02:52:04 GMT',
27 silly registry.get     via: '1.1 varnish',
27 silly registry.get     age: '0',
27 silly registry.get     connection: 'keep-alive',
27 silly registry.get     'x-served-by': 'cache-lax1435-LAX',
27 silly registry.get     'x-cache': 'HIT',
27 silly registry.get     'x-cache-hits': '1',
27 silly registry.get     'x-timer': 'S1438224723.967666,VS0,VE84',
27 silly registry.get     vary: 'Accept' } ]
28 silly addNameRange number 2 { name: 'http-server', range: '*', hasData: true }
29 silly addNameRange versions [ 'http-server',
29 silly addNameRange   [ '0.1.0',
29 silly addNameRange     '0.1.1',
29 silly addNameRange     '0.1.3',
29 silly addNameRange     '0.2.1',
29 silly addNameRange     '0.2.2',
29 silly addNameRange     '0.2.3',
29 silly addNameRange     '0.2.4',
29 silly addNameRange     '0.2.5',
29 silly addNameRange     '0.2.6',
29 silly addNameRange     '0.2.9',
29 silly addNameRange     '0.3.0',
29 silly addNameRange     '0.4.0',
29 silly addNameRange     '0.4.1',
29 silly addNameRange     '0.5.0',
29 silly addNameRange     '0.5.1',
29 silly addNameRange     '0.5.2',
29 silly addNameRange     '0.5.3',
29 silly addNameRange     '0.5.5',
29 silly addNameRange     '0.6.0',
29 silly addNameRange     '0.6.1',
29 silly addNameRange     '0.7.0',
29 silly addNameRange     '0.7.1',
29 silly addNameRange     '0.7.2',
29 silly addNameRange     '0.7.3',
29 silly addNameRange     '0.7.4',
29 silly addNameRange     '0.7.5',
29 silly addNameRange     '0.8.0' ] ]
30 verbose addNamed [ 'http-server', '0.8.0' ]
31 verbose addNamed [ '0.8.0', '0.8.0' ]
32 silly lockFile d5e3e4a2-http-server-0-8-0 http-server@0.8.0
33 verbose lock http-server@0.8.0 /Users/thorney29/.npm/d5e3e4a2-http-server-0-8-0.lock
34 silly lockFile a0b6e4df-ttp-server-http-server-0-8-0-tgz https://registry.npmjs.org/http-server/-/http-server-0.8.0.tgz
35 verbose lock https://registry.npmjs.org/http-server/-/http-server-0.8.0.tgz /Users/thorney29/.npm/a0b6e4df-ttp-server-http-server-0-8-0-tgz.lock
36 verbose addRemoteTarball [ 'https://registry.npmjs.org/http-server/-/http-server-0.8.0.tgz',
36 verbose addRemoteTarball   'd4b671781ec6bf9fa6a311cd1df683b0b37b1491' ]
37 info retry fetch attempt 1 at 19:52:04
38 verbose fetch to= /var/folders/cd/3yks902x437b88vzssyj606h0000gn/T/npm-41607-AD5LW_Jq/registry.npmjs.org/http-server/-/http-server-0.8.0.tgz
39 http GET https://registry.npmjs.org/http-server/-/http-server-0.8.0.tgz
40 http 200 https://registry.npmjs.org/http-server/-/http-server-0.8.0.tgz
41 silly lockFile a0b6e4df-ttp-server-http-server-0-8-0-tgz https://registry.npmjs.org/http-server/-/http-server-0.8.0.tgz
42 silly lockFile a0b6e4df-ttp-server-http-server-0-8-0-tgz https://registry.npmjs.org/http-server/-/http-server-0.8.0.tgz
43 silly lockFile d5e3e4a2-http-server-0-8-0 http-server@0.8.0
44 silly lockFile d5e3e4a2-http-server-0-8-0 http-server@0.8.0
45 silly lockFile 550353c6-http-server http-server@
46 silly lockFile 550353c6-http-server http-server@
47 silly resolved [ { name: 'http-server',
47 silly resolved     version: '0.8.0',
47 silly resolved     description: 'A simple zero-configuration command-line http server',
47 silly resolved     main: './lib/http-server',
47 silly resolved     repository:
47 silly resolved      { type: 'git',
47 silly resolved        url: 'git://github.com/indexzero/http-server.git' },
47 silly resolved     keywords: [ 'cli', 'command' ],
47 silly resolved     scripts:
47 silly resolved      { start: 'node ./bin/http-server',
47 silly resolved        pretest: 'stylezero bin/ lib/ test',
47 silly resolved        test: 'vows --spec --isolate' },
47 silly resolved     contributors:
47 silly resolved      [ [Object],
47 silly resolved        [Object],
47 silly resolved        [Object],
47 silly resolved        [Object],
47 silly resolved        [Object],
47 silly resolved        [Object],
47 silly resolved        [Object],
47 silly resolved        [Object],
47 silly resolved        [Object],
47 silly resolved        [Object] ],
47 silly resolved     dependencies:
47 silly resolved      { colors: '1.0.3',
47 silly resolved        optimist: '0.6.x',
47 silly resolved        union: '~0.4.3',
47 silly resolved        ecstatic: '~0.7.0',
47 silly resolved        'http-proxy': '^1.8.1',
47 silly resolved        portfinder: '0.4.x',
47 silly resolved        opener: '~1.4.0',
47 silly resolved        corser: '~2.0.0' },
47 silly resolved     devDependencies: { vows: '0.7.x', request: '2.49.x', stylezero: '2.2.0' },
47 silly resolved     bugs: { url: 'https://github.com/nodeapps/http-server/issues' },
47 silly resolved     licenses: [ [Object] ],
47 silly resolved     preferGlobal: 'true',
47 silly resolved     bin: { 'http-server': './bin/http-server', hs: './bin/http-server' },
47 silly resolved     gitHead: 'ac38a041c954c863fd695b0f70ba251399856812',
47 silly resolved     homepage: 'https://github.com/indexzero/http-server',
47 silly resolved     _id: 'http-server@0.8.0',
47 silly resolved     _shasum: 'd4b671781ec6bf9fa6a311cd1df683b0b37b1491',
47 silly resolved     _from: 'http-server@',
47 silly resolved     _npmVersion: '2.2.0',
47 silly resolved     _nodeVersion: '0.10.33',
47 silly resolved     _npmUser: { name: 'indexzero', email: 'charlie.robbins@gmail.com' },
47 silly resolved     maintainers: [ [Object] ],
47 silly resolved     dist:
47 silly resolved      { shasum: 'd4b671781ec6bf9fa6a311cd1df683b0b37b1491',
47 silly resolved        tarball: 'http://registry.npmjs.org/http-server/-/http-server-0.8.0.tgz' },
47 silly resolved     directories: {},
47 silly resolved     _resolved: 'https://registry.npmjs.org/http-server/-/http-server-0.8.0.tgz' } ]
48 info install http-server@0.8.0 into /usr/local/lib
49 info installOne http-server@0.8.0
50 verbose lib/node_modules/http-server unbuild
51 verbose tar unpack /Users/thorney29/.npm/http-server/0.8.0/package.tgz
52 silly lockFile c2cc12bc-cal-lib-node-modules-http-server tar:///usr/local/lib/node_modules/http-server
53 verbose lock tar:///usr/local/lib/node_modules/http-server /Users/thorney29/.npm/c2cc12bc-cal-lib-node-modules-http-server.lock
54 silly lockFile 20e18ee7-pm-http-server-0-8-0-package-tgz tar:///Users/thorney29/.npm/http-server/0.8.0/package.tgz
55 verbose lock tar:///Users/thorney29/.npm/http-server/0.8.0/package.tgz /Users/thorney29/.npm/20e18ee7-pm-http-server-0-8-0-package-tgz.lock
56 silly gunzTarPerm modes [ '755', '644' ]
57 error Error: EACCES, mkdir '/usr/local/lib/node_modules/http-server'
57 error  { [Error: EACCES, mkdir '/usr/local/lib/node_modules/http-server']
57 error   errno: 3,
57 error   code: 'EACCES',
57 error   path: '/usr/local/lib/node_modules/http-server',
57 error   fstream_type: 'Directory',
57 error   fstream_path: '/usr/local/lib/node_modules/http-server',
57 error   fstream_class: 'DirWriter',
57 error   fstream_stack:
57 error    [ '/usr/local/lib/node_modules/npm/node_modules/fstream/lib/dir-writer.js:36:23',
57 error      '/usr/local/lib/node_modules/npm/node_modules/mkdirp/index.js:46:53',
57 error      'Object.oncomplete (fs.js:108:15)' ] }
58 error Please try running this command again as root/Administrator.
59 error System Darwin 14.3.0
60 error command "node" "/usr/local/bin/npm" "install" "http-server" "-g"
61 error cwd /Users/thorney29/angularjs
62 error node -v v0.10.34
63 error npm -v 1.4.28
64 error path /usr/local/lib/node_modules/http-server
65 error fstream_path /usr/local/lib/node_modules/http-server
66 error fstream_type Directory
67 error fstream_class DirWriter
68 error code EACCES
69 error errno 3
70 error stack Error: EACCES, mkdir '/usr/local/lib/node_modules/http-server'
71 error fstream_stack /usr/local/lib/node_modules/npm/node_modules/fstream/lib/dir-writer.js:36:23
71 error fstream_stack /usr/local/lib/node_modules/npm/node_modules/mkdirp/index.js:46:53
71 error fstream_stack Object.oncomplete (fs.js:108:15)
72 verbose exit [ 3, true ]
